8/17/2021, 11:47:54 PM - DEBUG - auth.service - login with userName: user@lseg.com, id: 1623068547791 (sid: x_pIJ5MqCHNggOPkvfs1Uad6WZpIBA7I)8/17/2021, 11:47:54 PM - INFO - Req from: user1 (sid: x_pIJ5MqCHNggOPkvfs1Uad6WZpIBA7I)8/17/2021, 11:47:54 PM - INFO - Req from: user1 (sid: x_pIJ5MqCHNggOPkvfs1Uad6WZpIBA7I)8/17/2021, 11:47:56 PM - DEBUG - auth.service - login with userName: user1@gmail.com, id: 1623068547791 (sid: x_pIJ5MqCHNggOPkvfs1Uad6WZpIBA7I)8/17/2021, 11:47:56 PM - INFO - Req from: user1 (sid: x_pIJ5MqCHNggOPkvfs1Uad6WZpIBA7I)8/17/2021, 11:47:56 PM - INFO - Req from: user1 (sid: x_pIJ5MqCHNggOPkvfs1Uad6WZpIBA7I)8/17/2021, 11:48:10 PM - DEBUG - auth.service - login with userName: user@user1.com, id: undefined (sid: tIpoxGJaoKTopyn9oTOsMqckVuU1Zfbp)8/17/2021, 11:48:10 PM - DEBUG - Failed to Login Invalid userName (sid: tIpoxGJaoKTopyn9oTOsMqckVuU1Zfbp)8/17/2021, 11:48:38 PM - DEBUG - auth.service - login with userName: user@gmail.com, id: undefined (sid: tIpoxGJaoKTopyn9oTOsMqckVuU1Zfbp)8/17/2021, 11:48:38 PM - DEBUG - Failed to Login Invalid userName (sid: tIpoxGJaoKTopyn9oTOsMqckVuU1Zfbp)8/17/2021, 11:49:18 PM - INFO - {
  "buildNumber": "will-be-replace-on-jenkins",
  "buildInfoBuildUrl": "will-be-replace-on-jenkins",
  "buildInfoCommitId": "will-be-replace-on-jenkins",
  "buildTime": "will-be-replace-on-jenkins"
}
 8/17/2021, 11:49:18 PM - INFO - Server is Up on port 3030, NLP_WRAPPER_URL= undefined 8/17/2021, 11:50:09 PM - DEBUG - auth.service - login with userName: user1@gmail.com, id: undefined (sid: PTV2vMOSzy3zsDqvYqRia_8lV2QH-KTB)8/17/2021, 11:50:09 PM - INFO - Req from: user1 (sid: PTV2vMOSzy3zsDqvYqRia_8lV2QH-KTB)8/17/2021, 11:50:09 PM - INFO - Req from: user1 (sid: PTV2vMOSzy3zsDqvYqRia_8lV2QH-KTB)8/17/2021, 11:50:24 PM - INFO - Req from: user1 (sid: PTV2vMOSzy3zsDqvYqRia_8lV2QH-KTB)8/17/2021, 11:50:24 PM - INFO - Req from: user1 (sid: PTV2vMOSzy3zsDqvYqRia_8lV2QH-KTB)8/17/2021, 11:51:06 PM - INFO - Req from: user1 (sid: PTV2vMOSzy3zsDqvYqRia_8lV2QH-KTB)8/17/2021, 11:51:06 PM - INFO - {
  "buildNumber": "will-be-replace-on-jenkins",
  "buildInfoBuildUrl": "will-be-replace-on-jenkins",
  "buildInfoCommitId": "will-be-replace-on-jenkins",
  "buildTime": "will-be-replace-on-jenkins"
}
 8/17/2021, 11:51:06 PM - INFO - Server is Up on port 3030, NLP_WRAPPER_URL= undefined 8/18/2021, 7:54:11 AM - DEBUG - auth.service - login with userName: user1@gmail.com, id: 1623068547791 (sid: 8rF1G55TfNCmBW4kV2fmGijsPHUa9iiV)8/18/2021, 7:54:11 AM - INFO - Req from: user1 (sid: 8rF1G55TfNCmBW4kV2fmGijsPHUa9iiV)8/18/2021, 7:54:11 AM - INFO - Req from: user1 (sid: 8rF1G55TfNCmBW4kV2fmGijsPHUa9iiV)8/18/2021, 8:55:45 AM - DEBUG - auth.service - login with userName: user1@gmail.com, id: 1623068547791 (sid: 8rF1G55TfNCmBW4kV2fmGijsPHUa9iiV)8/18/2021, 8:55:45 AM - INFO - Req from: user1 (sid: 8rF1G55TfNCmBW4kV2fmGijsPHUa9iiV)8/18/2021, 8:55:45 AM - INFO - Req from: user1 (sid: 8rF1G55TfNCmBW4kV2fmGijsPHUa9iiV)8/18/2021, 8:57:39 AM - INFO - {
  "buildNumber": "will-be-replace-on-jenkins",
  "buildInfoBuildUrl": "will-be-replace-on-jenkins",
  "buildInfoCommitId": "will-be-replace-on-jenkins",
  "buildTime": "will-be-replace-on-jenkins"
}
 8/18/2021, 8:57:39 AM - INFO - Server is Up on port 3030, NLP_WRAPPER_URL= undefined 8/18/2021, 10:10:36 AM - DEBUG - auth.service - login with userName: user1@gmail.com, id: 1623068547791 (sid: SOO8Za46UBqHr1_SF9UmM4bqzxL0CHF1)8/18/2021, 10:10:37 AM - INFO - Req from: user1 (sid: SOO8Za46UBqHr1_SF9UmM4bqzxL0CHF1)8/18/2021, 10:10:37 AM - INFO - Req from: user1 (sid: SOO8Za46UBqHr1_SF9UmM4bqzxL0CHF1)8/18/2021, 10:12:34 AM - INFO - Req from: user1 (sid: SOO8Za46UBqHr1_SF9UmM4bqzxL0CHF1)8/18/2021, 10:12:34 AM - INFO - Req from: user1 (sid: SOO8Za46UBqHr1_SF9UmM4bqzxL0CHF1)8/18/2021, 10:12:46 AM - INFO - Req from: user1 (sid: SOO8Za46UBqHr1_SF9UmM4bqzxL0CHF1)8/18/2021, 10:12:46 AM - INFO - Req from: user1 (sid: SOO8Za46UBqHr1_SF9UmM4bqzxL0CHF1)8/18/2021, 10:16:58 AM - DEBUG - auth.service - login with userName: user1@gmail.com, id: 1623068547791 (sid: SOO8Za46UBqHr1_SF9UmM4bqzxL0CHF1)8/18/2021, 10:17:11 AM - DEBUG - auth.service - login with userName: user1@gmail.com, id: 1623068547791 (sid: SOO8Za46UBqHr1_SF9UmM4bqzxL0CHF1)8/18/2021, 10:17:29 AM - DEBUG - auth.service - login with userName: user1@gmail.com, id: 1623068547791 (sid: SOO8Za46UBqHr1_SF9UmM4bqzxL0CHF1)8/18/2021, 10:23:53 AM - DEBUG - auth.service - login with userName: user1@gmail.com, id: 1623068547791 (sid: SOO8Za46UBqHr1_SF9UmM4bqzxL0CHF1)8/18/2021, 10:31:45 AM - DEBUG - auth.service - login with userName: user1@gmail.com, id: 1623068547791 (sid: SOO8Za46UBqHr1_SF9UmM4bqzxL0CHF1)8/18/2021, 10:31:56 AM - DEBUG - auth.service - login with userName: user1@gmail.com, id: 1623068547791 (sid: SOO8Za46UBqHr1_SF9UmM4bqzxL0CHF1)8/18/2021, 10:32:02 AM - DEBUG - auth.service - login with userName: user1@gmail.com, id: 1623068547791 (sid: SOO8Za46UBqHr1_SF9UmM4bqzxL0CHF1)8/18/2021, 10:42:42 AM - DEBUG - auth.service - login with userName: user1@gmail.com, id: 1623068547791 (sid: SOO8Za46UBqHr1_SF9UmM4bqzxL0CHF1)8/18/2021, 10:43:23 AM - DEBUG - auth.service - login with userName: user1@gmail.com, id: 1623068547791 (sid: SOO8Za46UBqHr1_SF9UmM4bqzxL0CHF1)8/18/2021, 10:43:40 AM - DEBUG - auth.service - login with userName: user1@gmail.com, id: 1623068547791 (sid: SOO8Za46UBqHr1_SF9UmM4bqzxL0CHF1)8/18/2021, 10:43:58 AM - DEBUG - auth.service - login with userName: user1@gmail.com, id: 1623068547791 (sid: SOO8Za46UBqHr1_SF9UmM4bqzxL0CHF1)8/18/2021, 10:44:01 AM - DEBUG - auth.service - login with userName: user1@gmail.com, id: 1623068547791 (sid: SOO8Za46UBqHr1_SF9UmM4bqzxL0CHF1)8/18/2021, 10:44:02 AM - DEBUG - auth.service - login with userName: user1@gmail.com, id: 1623068547791 (sid: SOO8Za46UBqHr1_SF9UmM4bqzxL0CHF1)8/18/2021, 10:44:15 AM - DEBUG - auth.service - login with userName: user1@gmail.com, id: 1623068547791 (sid: SOO8Za46UBqHr1_SF9UmM4bqzxL0CHF1)8/18/2021, 10:44:22 AM - DEBUG - auth.service - login with userName: user1@gmail.com, id: 1623068547791 (sid: SOO8Za46UBqHr1_SF9UmM4bqzxL0CHF1)8/18/2021, 10:44:49 AM - DEBUG - auth.service - login with userName: user1@gmail.com, id: 1623068547791 (sid: SOO8Za46UBqHr1_SF9UmM4bqzxL0CHF1)8/18/2021, 10:44:57 AM - DEBUG - auth.service - login with userName: user1@gmail.com, id: 1623068547791 (sid: SOO8Za46UBqHr1_SF9UmM4bqzxL0CHF1)8/18/2021, 10:45:09 AM - DEBUG - auth.service - login with userName: user1@gmail.com, id: 1623068547791 (sid: SOO8Za46UBqHr1_SF9UmM4bqzxL0CHF1)8/18/2021, 10:48:26 AM - DEBUG - auth.service - login with userName: user1@gmail.com, id: 1623068547791 (sid: SOO8Za46UBqHr1_SF9UmM4bqzxL0CHF1)8/18/2021, 10:49:15 AM - DEBUG - auth.service - login with userName: user1@gmail.com, id: 1623068547791 (sid: SOO8Za46UBqHr1_SF9UmM4bqzxL0CHF1)8/18/2021, 10:51:00 AM - DEBUG - auth.service - login with userName: user1@gmail.com, id: 1623068547791 (sid: SOO8Za46UBqHr1_SF9UmM4bqzxL0CHF1)8/18/2021, 10:54:39 AM - DEBUG - auth.service - login with userName: user1@gmail.com, id: undefined (sid: Nj88GP5eOPx7uxFOpF8vUSWY2HKZqxu0)8/18/2021, 11:01:11 AM - DEBUG - auth.service - login with userName: user1@gmail.com, id: 1623068547791 (sid: Nj88GP5eOPx7uxFOpF8vUSWY2HKZqxu0)8/18/2021, 11:01:12 AM - DEBUG - auth.service - login with userName: user1@gmail.com, id: 1623068547791 (sid: Nj88GP5eOPx7uxFOpF8vUSWY2HKZqxu0)8/18/2021, 11:02:01 AM - DEBUG - auth.service - login with userName: user1@gmail.com, id: 1623068547791 (sid: Nj88GP5eOPx7uxFOpF8vUSWY2HKZqxu0)8/18/2021, 11:02:09 AM - DEBUG - auth.service - login with userName: user1@gmail.com, id: 1623068547791 (sid: Nj88GP5eOPx7uxFOpF8vUSWY2HKZqxu0)8/18/2021, 11:02:15 AM - DEBUG - auth.service - login with userName: user1@gmail.com, id: 1623068547791 (sid: Nj88GP5eOPx7uxFOpF8vUSWY2HKZqxu0)8/18/2021, 11:02:21 AM - DEBUG - auth.service - login with userName: user1@gmail.com, id: 1623068547791 (sid: Nj88GP5eOPx7uxFOpF8vUSWY2HKZqxu0)8/18/2021, 11:02:24 AM - DEBUG - auth.service - login with userName: user1@gmail.com, id: 1623068547791 (sid: Nj88GP5eOPx7uxFOpF8vUSWY2HKZqxu0)8/18/2021, 11:02:28 AM - DEBUG - auth.service - login with userName: user1@gmail.com, id: 1623068547791 (sid: Nj88GP5eOPx7uxFOpF8vUSWY2HKZqxu0)8/18/2021, 11:09:14 AM - DEBUG - auth.service - login with userName: user1@gmail.com, id: 1623068547791 (sid: Nj88GP5eOPx7uxFOpF8vUSWY2HKZqxu0)8/18/2021, 11:11:56 AM - DEBUG - auth.service - login with userName: user1@gmail.com, id: 1623068547791 (sid: Nj88GP5eOPx7uxFOpF8vUSWY2HKZqxu0)8/18/2021, 11:12:24 AM - DEBUG - auth.service - login with userName: user1@gmail.com, id: 1623068547791 (sid: Nj88GP5eOPx7uxFOpF8vUSWY2HKZqxu0)8/18/2021, 11:20:31 AM - DEBUG - auth.service - login with userName: user1@gmail.com, id: 1623068547791 (sid: Nj88GP5eOPx7uxFOpF8vUSWY2HKZqxu0)8/18/2021, 11:21:17 AM - DEBUG - auth.service - login with userName: user1@gmail.com, id: 1623068547791 (sid: Nj88GP5eOPx7uxFOpF8vUSWY2HKZqxu0)8/18/2021, 11:27:26 AM - DEBUG - auth.service - login with userName: user1@gmail.com, id: 1623068547791 (sid: Nj88GP5eOPx7uxFOpF8vUSWY2HKZqxu0)8/18/2021, 11:27:40 AM - DEBUG - auth.service - login with userName: user1@gmail.com, id: 1623068547791 (sid: Nj88GP5eOPx7uxFOpF8vUSWY2HKZqxu0)8/18/2021, 11:27:48 AM - DEBUG - auth.service - login with userName: user1@gmail.com, id: 1623068547791 (sid: Nj88GP5eOPx7uxFOpF8vUSWY2HKZqxu0)8/18/2021, 11:29:02 AM - DEBUG - auth.service - login with userName: user1@gmail.com, id: 1623068547791 (sid: Nj88GP5eOPx7uxFOpF8vUSWY2HKZqxu0)8/18/2021, 11:40:17 AM - DEBUG - auth.service - login with userName: user1@gmail.com, id: 1623068547791 (sid: Nj88GP5eOPx7uxFOpF8vUSWY2HKZqxu0)8/18/2021, 11:40:29 AM - DEBUG - auth.service - login with userName: user1@gmail.com, id: 1623068547791 (sid: Nj88GP5eOPx7uxFOpF8vUSWY2HKZqxu0)8/18/2021, 11:41:09 AM - DEBUG - auth.service - login with userName: user1@gmail.com, id: 1623068547791 (sid: Nj88GP5eOPx7uxFOpF8vUSWY2HKZqxu0)8/18/2021, 11:41:11 AM - DEBUG - auth.service - login with userName: user1@gmail.com, id: 1623068547791 (sid: Nj88GP5eOPx7uxFOpF8vUSWY2HKZqxu0)8/18/2021, 11:43:00 AM - DEBUG - auth.service - login with userName: user1@gmail.com, id: 1623068547791 (sid: Nj88GP5eOPx7uxFOpF8vUSWY2HKZqxu0)8/18/2021, 11:43:14 AM - DEBUG - auth.service - login with userName: user1@gmail.com, id: 1623068547791 (sid: Nj88GP5eOPx7uxFOpF8vUSWY2HKZqxu0)8/18/2021, 11:53:05 AM - DEBUG - auth.service - login with userName: user1@gmail.com, id: 1623068547791 (sid: Nj88GP5eOPx7uxFOpF8vUSWY2HKZqxu0)8/18/2021, 11:53:06 AM - DEBUG - auth.service - login with userName: user1@gmail.com, id: 1623068547791 (sid: Nj88GP5eOPx7uxFOpF8vUSWY2HKZqxu0)8/18/2021, 11:53:11 AM - DEBUG - auth.service - login with userName: user1@gmail.com, id: 1623068547791 (sid: Nj88GP5eOPx7uxFOpF8vUSWY2HKZqxu0)8/18/2021, 11:53:46 AM - DEBUG - auth.service - login with userName: user1@gmail.com, id: 1623068547791 (sid: Nj88GP5eOPx7uxFOpF8vUSWY2HKZqxu0)8/18/2021, 11:53:54 AM - DEBUG - auth.service - login with userName: user1@gmail.com, id: 1623068547791 (sid: Nj88GP5eOPx7uxFOpF8vUSWY2HKZqxu0)8/18/2021, 11:54:07 AM - DEBUG - auth.service - login with userName: user1@gmail.com, id: 1623068547791 (sid: Nj88GP5eOPx7uxFOpF8vUSWY2HKZqxu0)8/18/2021, 11:54:15 AM - DEBUG - auth.service - login with userName: user1@gmail.com, id: 1623068547791 (sid: Nj88GP5eOPx7uxFOpF8vUSWY2HKZqxu0)8/18/2021, 11:54:25 AM - DEBUG - auth.service - login with userName: user1@gmail.com, id: 1623068547791 (sid: Nj88GP5eOPx7uxFOpF8vUSWY2HKZqxu0)8/18/2021, 11:58:40 AM - DEBUG - auth.service - login with userName: user1@gmail.com, id: 1623068547791 (sid: Nj88GP5eOPx7uxFOpF8vUSWY2HKZqxu0)8/18/2021, 12:11:46 PM - DEBUG - auth.service - login with userName: user1@gmail.com, id: 1623068547791 (sid: Nj88GP5eOPx7uxFOpF8vUSWY2HKZqxu0)8/18/2021, 12:12:28 PM - DEBUG - auth.service - login with userName: user1@gmail.com, id: 1623068547791 (sid: Nj88GP5eOPx7uxFOpF8vUSWY2HKZqxu0)8/18/2021, 12:13:01 PM - DEBUG - auth.service - login with userName: user1@gmail.com, id: 1623068547791 (sid: Nj88GP5eOPx7uxFOpF8vUSWY2HKZqxu0)8/18/2021, 12:13:05 PM - DEBUG - auth.service - login with userName: user1@gmail.com, id: 1623068547791 (sid: Nj88GP5eOPx7uxFOpF8vUSWY2HKZqxu0)8/18/2021, 12:13:08 PM - DEBUG - auth.service - login with userName: user1@gmail.com, id: 1623068547791 (sid: Nj88GP5eOPx7uxFOpF8vUSWY2HKZqxu0)8/18/2021, 12:13:13 PM - DEBUG - auth.service - login with userName: user1@gmail.com, id: 1623068547791 (sid: Nj88GP5eOPx7uxFOpF8vUSWY2HKZqxu0)8/18/2021, 12:13:19 PM - DEBUG - auth.service - login with userName: user1@gmail.com, id: 1623068547791 (sid: Nj88GP5eOPx7uxFOpF8vUSWY2HKZqxu0)8/18/2021, 12:13:25 PM - DEBUG - auth.service - login with userName: user1@gmail.com, id: 1623068547791 (sid: Nj88GP5eOPx7uxFOpF8vUSWY2HKZqxu0)8/18/2021, 12:15:44 PM - DEBUG - auth.service - login with userName: user1@gmail.com, id: 1623068547791 (sid: Nj88GP5eOPx7uxFOpF8vUSWY2HKZqxu0)8/18/2021, 12:19:29 PM - DEBUG - auth.service - login with userName: user1@gmail.com, id: 1623068547791 (sid: Nj88GP5eOPx7uxFOpF8vUSWY2HKZqxu0)8/18/2021, 12:19:38 PM - DEBUG - auth.service - login with userName: user1@gmail.com, id: 1623068547791 (sid: Nj88GP5eOPx7uxFOpF8vUSWY2HKZqxu0)8/18/2021, 12:19:41 PM - DEBUG - auth.service - login with userName: user1@gmail.com, id: 1623068547791 (sid: Nj88GP5eOPx7uxFOpF8vUSWY2HKZqxu0)8/18/2021, 1:35:45 PM - DEBUG - auth.service - login with userName: user1@gmail.com, id: 1623068547791 (sid: Nj88GP5eOPx7uxFOpF8vUSWY2HKZqxu0)8/18/2021, 3:24:32 PM - DEBUG - auth.service - login with userName: user1@gmail.com, id: 1623068547791 (sid: Nj88GP5eOPx7uxFOpF8vUSWY2HKZqxu0)8/18/2021, 3:24:33 PM - DEBUG - auth.service - login with userName: user1@gmail.com, id: 1623068547791 (sid: Nj88GP5eOPx7uxFOpF8vUSWY2HKZqxu0)8/18/2021, 3:24:46 PM - DEBUG - auth.service - login with userName: user1@gmail.com, id: 1623068547791 (sid: Nj88GP5eOPx7uxFOpF8vUSWY2HKZqxu0)8/18/2021, 3:25:57 PM - INFO - {
  "buildNumber": "will-be-replace-on-jenkins",
  "buildInfoBuildUrl": "will-be-replace-on-jenkins",
  "buildInfoCommitId": "will-be-replace-on-jenkins",
  "buildTime": "will-be-replace-on-jenkins"
}
 8/18/2021, 3:25:57 PM - INFO - Server is Up on port 3030, NLP_WRAPPER_URL= undefined 8/18/2021, 3:26:01 PM - INFO - {
  "buildNumber": "will-be-replace-on-jenkins",
  "buildInfoBuildUrl": "will-be-replace-on-jenkins",
  "buildInfoCommitId": "will-be-replace-on-jenkins",
  "buildTime": "will-be-replace-on-jenkins"
}
 8/18/2021, 3:26:01 PM - INFO - Server is Up on port 3030, NLP_WRAPPER_URL= undefined 8/18/2021, 3:26:08 PM - INFO - {
  "buildNumber": "will-be-replace-on-jenkins",
  "buildInfoBuildUrl": "will-be-replace-on-jenkins",
  "buildInfoCommitId": "will-be-replace-on-jenkins",
  "buildTime": "will-be-replace-on-jenkins"
}
 8/18/2021, 3:26:08 PM - INFO - Server is Up on port 3030, NLP_WRAPPER_URL= undefined 8/18/2021, 3:26:25 PM - INFO - {
  "buildNumber": "will-be-replace-on-jenkins",
  "buildInfoBuildUrl": "will-be-replace-on-jenkins",
  "buildInfoCommitId": "will-be-replace-on-jenkins",
  "buildTime": "will-be-replace-on-jenkins"
}
 8/18/2021, 3:26:25 PM - INFO - Server is Up on port 3030, NLP_WRAPPER_URL= undefined 8/18/2021, 3:26:48 PM - INFO - {
  "buildNumber": "will-be-replace-on-jenkins",
  "buildInfoBuildUrl": "will-be-replace-on-jenkins",
  "buildInfoCommitId": "will-be-replace-on-jenkins",
  "buildTime": "will-be-replace-on-jenkins"
}
 8/18/2021, 3:26:48 PM - INFO - Server is Up on port 3030, NLP_WRAPPER_URL= undefined 8/18/2021, 3:26:50 PM - INFO - {
  "buildNumber": "will-be-replace-on-jenkins",
  "buildInfoBuildUrl": "will-be-replace-on-jenkins",
  "buildInfoCommitId": "will-be-replace-on-jenkins",
  "buildTime": "will-be-replace-on-jenkins"
}
 8/18/2021, 3:26:50 PM - INFO - Server is Up on port 3030, NLP_WRAPPER_URL= undefined 8/18/2021, 3:26:51 PM - INFO - {
  "buildNumber": "will-be-replace-on-jenkins",
  "buildInfoBuildUrl": "will-be-replace-on-jenkins",
  "buildInfoCommitId": "will-be-replace-on-jenkins",
  "buildTime": "will-be-replace-on-jenkins"
}
 8/18/2021, 3:26:51 PM - INFO - Server is Up on port 3030, NLP_WRAPPER_URL= undefined 8/18/2021, 3:30:33 PM - DEBUG - auth.service - login with userName: user1@gmail.com, id: 1623068547791 (sid: qmypDhlFr4dh5JBQDTWMhYkRIfDd_aI-)8/18/2021, 3:49:55 PM - INFO - {
  "buildNumber": "will-be-replace-on-jenkins",
  "buildInfoBuildUrl": "will-be-replace-on-jenkins",
  "buildInfoCommitId": "will-be-replace-on-jenkins",
  "buildTime": "will-be-replace-on-jenkins"
}
 8/18/2021, 3:49:55 PM - INFO - Server is Up on port 3030, NLP_WRAPPER_URL= undefined 8/18/2021, 3:49:58 PM - INFO - {
  "buildNumber": "will-be-replace-on-jenkins",
  "buildInfoBuildUrl": "will-be-replace-on-jenkins",
  "buildInfoCommitId": "will-be-replace-on-jenkins",
  "buildTime": "will-be-replace-on-jenkins"
}
 8/18/2021, 3:49:58 PM - INFO - Server is Up on port 3030, NLP_WRAPPER_URL= undefined 8/18/2021, 4:34:12 PM - INFO - {
  "buildNumber": "will-be-replace-on-jenkins",
  "buildInfoBuildUrl": "will-be-replace-on-jenkins",
  "buildInfoCommitId": "will-be-replace-on-jenkins",
  "buildTime": "will-be-replace-on-jenkins"
}
 8/18/2021, 4:34:12 PM - INFO - Server is Up on port 3030, NLP_WRAPPER_URL= undefined 8/18/2021, 4:41:33 PM - DEBUG - auth.service - login with userName: user1@gmail.com, id: 1623068547791 (sid: FSBbpQC4IwgJ7qDwc6BglIDOnZV9D5zp)8/18/2021, 5:22:44 PM - DEBUG - auth.service - login with userName: user1@gmail.com, id: 1623068547791 (sid: FSBbpQC4IwgJ7qDwc6BglIDOnZV9D5zp)8/18/2021, 5:22:46 PM - DEBUG - auth.service - login with userName: user1@gmail.com, id: 1623068547791 (sid: FSBbpQC4IwgJ7qDwc6BglIDOnZV9D5zp)8/18/2021, 5:22:51 PM - DEBUG - auth.service - login with userName: user1@gmail.com, id: 1623068547791 (sid: FSBbpQC4IwgJ7qDwc6BglIDOnZV9D5zp)8/18/2021, 5:22:51 PM - DEBUG - auth.service - login with userName: user1@gmail.com, id: 1623068547791 (sid: FSBbpQC4IwgJ7qDwc6BglIDOnZV9D5zp)8/18/2021, 5:22:58 PM - DEBUG - auth.service - login with userName: user1@gmail.com, id: 1623068547791 (sid: FSBbpQC4IwgJ7qDwc6BglIDOnZV9D5zp)8/18/2021, 5:23:00 PM - DEBUG - auth.service - login with userName: user1@gmail.com, id: 1623068547791 (sid: FSBbpQC4IwgJ7qDwc6BglIDOnZV9D5zp)8/18/2021, 5:24:46 PM - INFO - {
  "buildNumber": "will-be-replace-on-jenkins",
  "buildInfoBuildUrl": "will-be-replace-on-jenkins",
  "buildInfoCommitId": "will-be-replace-on-jenkins",
  "buildTime": "will-be-replace-on-jenkins"
}
 8/18/2021, 5:24:46 PM - INFO - Server is Up on port 3030, NLP_WRAPPER_URL= undefined 8/18/2021, 5:24:53 PM - DEBUG - auth.service - login with userName: user1@gmail.com, id: 1623068547791 (sid: wMIOP_IDkFIT7s0Wfz4KjpKnqHpIvU54)8/18/2021, 5:26:13 PM - DEBUG - auth.service - signup with userName: user1@gmail.com, nickName: dan (sid: 3xdM8AyLzJxVfX_QyL6ihL0gs7EUJIba)8/18/2021, 5:26:13 PM - ERROR - Failed to signup Username already exist (sid: 3xdM8AyLzJxVfX_QyL6ihL0gs7EUJIba)8/18/2021, 5:26:26 PM - DEBUG - auth.service - signup with userName: user3@gmail.com, nickName: dan (sid: 3xdM8AyLzJxVfX_QyL6ihL0gs7EUJIba)8/18/2021, 5:26:26 PM - DEBUG - auth.service - login with userName: user3@gmail.com, id: undefined (sid: 3xdM8AyLzJxVfX_QyL6ihL0gs7EUJIba)8/18/2021, 5:26:27 PM - INFO - {
  "buildNumber": "will-be-replace-on-jenkins",
  "buildInfoBuildUrl": "will-be-replace-on-jenkins",
  "buildInfoCommitId": "will-be-replace-on-jenkins",
  "buildTime": "will-be-replace-on-jenkins"
}
 8/18/2021, 5:26:27 PM - INFO - Server is Up on port 3030, NLP_WRAPPER_URL= undefined 8/18/2021, 7:04:23 PM - INFO - {
  "buildNumber": "will-be-replace-on-jenkins",
  "buildInfoBuildUrl": "will-be-replace-on-jenkins",
  "buildInfoCommitId": "will-be-replace-on-jenkins",
  "buildTime": "will-be-replace-on-jenkins"
}
 8/18/2021, 7:04:23 PM - INFO - Server is Up on port 3030, NLP_WRAPPER_URL= undefined 8/18/2021, 7:04:41 PM - INFO - {
  "buildNumber": "will-be-replace-on-jenkins",
  "buildInfoBuildUrl": "will-be-replace-on-jenkins",
  "buildInfoCommitId": "will-be-replace-on-jenkins",
  "buildTime": "will-be-replace-on-jenkins"
}
 8/18/2021, 7:04:41 PM - INFO - Server is Up on port 3030, NLP_WRAPPER_URL= undefined 8/18/2021, 7:04:56 PM - INFO - {
  "buildNumber": "will-be-replace-on-jenkins",
  "buildInfoBuildUrl": "will-be-replace-on-jenkins",
  "buildInfoCommitId": "will-be-replace-on-jenkins",
  "buildTime": "will-be-replace-on-jenkins"
}
 8/18/2021, 7:04:56 PM - INFO - Server is Up on port 3030, NLP_WRAPPER_URL= undefined 8/18/2021, 7:04:59 PM - INFO - {
  "buildNumber": "will-be-replace-on-jenkins",
  "buildInfoBuildUrl": "will-be-replace-on-jenkins",
  "buildInfoCommitId": "will-be-replace-on-jenkins",
  "buildTime": "will-be-replace-on-jenkins"
}
 8/18/2021, 7:04:59 PM - INFO - Server is Up on port 3030, NLP_WRAPPER_URL= undefined 8/18/2021, 7:07:09 PM - INFO - {
  "buildNumber": "will-be-replace-on-jenkins",
  "buildInfoBuildUrl": "will-be-replace-on-jenkins",
  "buildInfoCommitId": "will-be-replace-on-jenkins",
  "buildTime": "will-be-replace-on-jenkins"
}
 8/18/2021, 7:07:09 PM - INFO - Server is Up on port 3030, NLP_WRAPPER_URL= undefined 8/18/2021, 7:08:09 PM - INFO - {
  "buildNumber": "will-be-replace-on-jenkins",
  "buildInfoBuildUrl": "will-be-replace-on-jenkins",
  "buildInfoCommitId": "will-be-replace-on-jenkins",
  "buildTime": "will-be-replace-on-jenkins"
}
 8/18/2021, 7:08:09 PM - INFO - Server is Up on port 3030, NLP_WRAPPER_URL= undefined 8/18/2021, 7:08:21 PM - INFO - {
  "buildNumber": "will-be-replace-on-jenkins",
  "buildInfoBuildUrl": "will-be-replace-on-jenkins",
  "buildInfoCommitId": "will-be-replace-on-jenkins",
  "buildTime": "will-be-replace-on-jenkins"
}
 8/18/2021, 7:08:21 PM - INFO - Server is Up on port 3030, NLP_WRAPPER_URL= undefined 8/18/2021, 7:08:37 PM - INFO - {
  "buildNumber": "will-be-replace-on-jenkins",
  "buildInfoBuildUrl": "will-be-replace-on-jenkins",
  "buildInfoCommitId": "will-be-replace-on-jenkins",
  "buildTime": "will-be-replace-on-jenkins"
}
 8/18/2021, 7:08:37 PM - INFO - Server is Up on port 3030, NLP_WRAPPER_URL= undefined 8/18/2021, 7:13:27 PM - DEBUG - auth.service - login with userName: user3@gmail.com, id: 1629296786918 (sid: sJbjw14wjbkgKy-SXL6nEOC4RWE_MEIF)8/18/2021, 8:05:59 PM - DEBUG - auth.service - login with userName: user3@gmail.com, id: 1629296786918 (sid: sJbjw14wjbkgKy-SXL6nEOC4RWE_MEIF)8/18/2021, 8:06:18 PM - DEBUG - auth.service - login with userName: user3@gmail.com, id: 1629296786918 (sid: sJbjw14wjbkgKy-SXL6nEOC4RWE_MEIF)8/18/2021, 8:06:25 PM - DEBUG - auth.service - login with userName: user3@gmail.com, id: 1629296786918 (sid: sJbjw14wjbkgKy-SXL6nEOC4RWE_MEIF)8/18/2021, 8:09:06 PM - DEBUG - auth.service - login with userName: user3@gmail.com, id: 1629296786918 (sid: sJbjw14wjbkgKy-SXL6nEOC4RWE_MEIF)8/18/2021, 8:09:16 PM - DEBUG - auth.service - login with userName: user3@gmail.com, id: 1629296786918 (sid: sJbjw14wjbkgKy-SXL6nEOC4RWE_MEIF)8/18/2021, 8:10:21 PM - DEBUG - auth.service - login with userName: user3@gmail.com, id: 1629296786918 (sid: sJbjw14wjbkgKy-SXL6nEOC4RWE_MEIF)8/18/2021, 8:11:27 PM - DEBUG - auth.service - login with userName: user3@gmail.com, id: 1629296786918 (sid: sJbjw14wjbkgKy-SXL6nEOC4RWE_MEIF)8/18/2021, 8:12:01 PM - DEBUG - auth.service - login with userName: user3@gmail.com, id: 1629296786918 (sid: sJbjw14wjbkgKy-SXL6nEOC4RWE_MEIF)8/18/2021, 8:12:04 PM - DEBUG - auth.service - login with userName: user3@gmail.com, id: 1629296786918 (sid: sJbjw14wjbkgKy-SXL6nEOC4RWE_MEIF)8/18/2021, 8:12:05 PM - DEBUG - auth.service - login with userName: user3@gmail.com, id: 1629296786918 (sid: sJbjw14wjbkgKy-SXL6nEOC4RWE_MEIF)8/18/2021, 8:12:06 PM - DEBUG - auth.service - login with userName: user3@gmail.com, id: 1629296786918 (sid: sJbjw14wjbkgKy-SXL6nEOC4RWE_MEIF)8/18/2021, 8:12:08 PM - DEBUG - auth.service - login with userName: user3@gmail.com, id: 1629296786918 (sid: sJbjw14wjbkgKy-SXL6nEOC4RWE_MEIF)8/18/2021, 8:20:23 PM - DEBUG - auth.service - login with userName: user3@gmail.com, id: 1629296786918 (sid: sJbjw14wjbkgKy-SXL6nEOC4RWE_MEIF)8/18/2021, 8:20:35 PM - DEBUG - auth.service - login with userName: user3@gmail.com, id: 1629296786918 (sid: sJbjw14wjbkgKy-SXL6nEOC4RWE_MEIF)8/18/2021, 8:24:47 PM - DEBUG - auth.service - login with userName: user3@gmail.com, id: 1629296786918 (sid: sJbjw14wjbkgKy-SXL6nEOC4RWE_MEIF)8/18/2021, 8:24:51 PM - DEBUG - auth.service - login with userName: user3@gmail.com, id: 1629296786918 (sid: sJbjw14wjbkgKy-SXL6nEOC4RWE_MEIF)8/18/2021, 8:24:53 PM - DEBUG - auth.service - login with userName: user3@gmail.com, id: 1629296786918 (sid: sJbjw14wjbkgKy-SXL6nEOC4RWE_MEIF)8/18/2021, 8:25:26 PM - INFO - {
  "buildNumber": "will-be-replace-on-jenkins",
  "buildInfoBuildUrl": "will-be-replace-on-jenkins",
  "buildInfoCommitId": "will-be-replace-on-jenkins",
  "buildTime": "will-be-replace-on-jenkins"
}
 8/18/2021, 8:25:26 PM - INFO - Server is Up on port 3030, NLP_WRAPPER_URL= undefined 8/18/2021, 8:28:39 PM - INFO - {
  "buildNumber": "will-be-replace-on-jenkins",
  "buildInfoBuildUrl": "will-be-replace-on-jenkins",
  "buildInfoCommitId": "will-be-replace-on-jenkins",
  "buildTime": "will-be-replace-on-jenkins"
}
 8/18/2021, 8:28:39 PM - INFO - Server is Up on port 3030, NLP_WRAPPER_URL= undefined 8/18/2021, 8:28:47 PM - DEBUG - auth.service - login with userName: user3@gmail.com, id: 1629296786918 (sid: HyPeMJgjGJkuyCB6to3sVy6KP5jQjmM2)8/18/2021, 8:28:47 PM - INFO - Req from: dan (sid: HyPeMJgjGJkuyCB6to3sVy6KP5jQjmM2)8/18/2021, 8:47:17 PM - DEBUG - auth.service - login with userName: user3@gmail.com, id: 1629296786918 (sid: HyPeMJgjGJkuyCB6to3sVy6KP5jQjmM2)8/18/2021, 8:47:17 PM - INFO - Req from: dan (sid: HyPeMJgjGJkuyCB6to3sVy6KP5jQjmM2)8/18/2021, 8:47:26 PM - DEBUG - auth.service - login with userName: user3@gmail.com, id: 1629296786918 (sid: HyPeMJgjGJkuyCB6to3sVy6KP5jQjmM2)8/18/2021, 8:47:27 PM - INFO - Req from: dan (sid: HyPeMJgjGJkuyCB6to3sVy6KP5jQjmM2)8/18/2021, 8:47:28 PM - DEBUG - auth.service - login with userName: user3@gmail.com, id: 1629296786918 (sid: HyPeMJgjGJkuyCB6to3sVy6KP5jQjmM2)8/18/2021, 8:47:28 PM - INFO - Req from: dan (sid: HyPeMJgjGJkuyCB6to3sVy6KP5jQjmM2)8/18/2021, 8:52:24 PM - DEBUG - auth.service - login with userName: user3@gmail.com, id: 1629296786918 (sid: HyPeMJgjGJkuyCB6to3sVy6KP5jQjmM2)8/18/2021, 8:52:25 PM - INFO - Req from: dan (sid: HyPeMJgjGJkuyCB6to3sVy6KP5jQjmM2)8/18/2021, 8:52:44 PM - DEBUG - auth.service - login with userName: user3@gmail.com, id: 1629296786918 (sid: HyPeMJgjGJkuyCB6to3sVy6KP5jQjmM2)8/18/2021, 8:52:44 PM - INFO - Req from: dan (sid: HyPeMJgjGJkuyCB6to3sVy6KP5jQjmM2)8/18/2021, 8:52:46 PM - DEBUG - auth.service - login with userName: user3@gmail.com, id: 1629296786918 (sid: HyPeMJgjGJkuyCB6to3sVy6KP5jQjmM2)8/18/2021, 8:52:46 PM - INFO - Req from: dan (sid: HyPeMJgjGJkuyCB6to3sVy6KP5jQjmM2)8/18/2021, 8:52:52 PM - DEBUG - auth.service - login with userName: user3@gmail.com, id: 1629296786918 (sid: HyPeMJgjGJkuyCB6to3sVy6KP5jQjmM2)8/18/2021, 8:52:52 PM - INFO - Req from: dan (sid: HyPeMJgjGJkuyCB6to3sVy6KP5jQjmM2)8/18/2021, 8:52:57 PM - DEBUG - auth.service - login with userName: user3@gmail.com, id: 1629296786918 (sid: HyPeMJgjGJkuyCB6to3sVy6KP5jQjmM2)8/18/2021, 8:52:57 PM - INFO - Req from: dan (sid: HyPeMJgjGJkuyCB6to3sVy6KP5jQjmM2)8/18/2021, 8:53:02 PM - DEBUG - auth.service - login with userName: user3@gmail.com, id: 1629296786918 (sid: HyPeMJgjGJkuyCB6to3sVy6KP5jQjmM2)8/18/2021, 8:53:02 PM - INFO - Req from: dan (sid: HyPeMJgjGJkuyCB6to3sVy6KP5jQjmM2)8/18/2021, 8:53:09 PM - DEBUG - auth.service - login with userName: user3@gmail.com, id: 1629296786918 (sid: HyPeMJgjGJkuyCB6to3sVy6KP5jQjmM2)8/18/2021, 8:53:09 PM - INFO - Req from: dan (sid: HyPeMJgjGJkuyCB6to3sVy6KP5jQjmM2)8/18/2021, 8:53:36 PM - DEBUG - auth.service - login with userName: user3@gmail.com, id: 1629296786918 (sid: HyPeMJgjGJkuyCB6to3sVy6KP5jQjmM2)8/18/2021, 8:53:36 PM - INFO - Req from: dan (sid: HyPeMJgjGJkuyCB6to3sVy6KP5jQjmM2)8/18/2021, 8:53:43 PM - DEBUG - auth.service - login with userName: user3@gmail.com, id: 1629296786918 (sid: HyPeMJgjGJkuyCB6to3sVy6KP5jQjmM2)8/18/2021, 8:53:43 PM - INFO - Req from: dan (sid: HyPeMJgjGJkuyCB6to3sVy6KP5jQjmM2)8/18/2021, 8:53:50 PM - DEBUG - auth.service - login with userName: user3@gmail.com, id: 1629296786918 (sid: HyPeMJgjGJkuyCB6to3sVy6KP5jQjmM2)8/18/2021, 8:53:50 PM - INFO - Req from: dan (sid: HyPeMJgjGJkuyCB6to3sVy6KP5jQjmM2)8/18/2021, 8:53:57 PM - DEBUG - auth.service - login with userName: user3@gmail.com, id: 1629296786918 (sid: HyPeMJgjGJkuyCB6to3sVy6KP5jQjmM2)8/18/2021, 8:53:58 PM - INFO - Req from: dan (sid: HyPeMJgjGJkuyCB6to3sVy6KP5jQjmM2)8/18/2021, 8:54:21 PM - DEBUG - auth.service - login with userName: user3@gmail.com, id: 1629296786918 (sid: HyPeMJgjGJkuyCB6to3sVy6KP5jQjmM2)8/18/2021, 8:54:21 PM - INFO - Req from: dan (sid: HyPeMJgjGJkuyCB6to3sVy6KP5jQjmM2)8/18/2021, 8:54:27 PM - DEBUG - auth.service - login with userName: user3@gmail.com, id: 1629296786918 (sid: HyPeMJgjGJkuyCB6to3sVy6KP5jQjmM2)8/18/2021, 8:54:28 PM - INFO - Req from: dan (sid: HyPeMJgjGJkuyCB6to3sVy6KP5jQjmM2)8/18/2021, 8:54:39 PM - DEBUG - auth.service - login with userName: user3@gmail.com, id: 1629296786918 (sid: HyPeMJgjGJkuyCB6to3sVy6KP5jQjmM2)8/18/2021, 8:54:40 PM - INFO - Req from: dan (sid: HyPeMJgjGJkuyCB6to3sVy6KP5jQjmM2)8/18/2021, 8:54:44 PM - DEBUG - auth.service - login with userName: user3@gmail.com, id: 1629296786918 (sid: HyPeMJgjGJkuyCB6to3sVy6KP5jQjmM2)8/18/2021, 8:54:44 PM - INFO - Req from: dan (sid: HyPeMJgjGJkuyCB6to3sVy6KP5jQjmM2)8/18/2021, 8:54:55 PM - DEBUG - auth.service - login with userName: user3@gmail.com, id: 1629296786918 (sid: HyPeMJgjGJkuyCB6to3sVy6KP5jQjmM2)8/18/2021, 8:54:56 PM - INFO - Req from: dan (sid: HyPeMJgjGJkuyCB6to3sVy6KP5jQjmM2)8/18/2021, 8:54:59 PM - DEBUG - auth.service - login with userName: user3@gmail.com, id: 1629296786918 (sid: HyPeMJgjGJkuyCB6to3sVy6KP5jQjmM2)8/18/2021, 8:54:59 PM - INFO - Req from: dan (sid: HyPeMJgjGJkuyCB6to3sVy6KP5jQjmM2)8/18/2021, 8:55:00 PM - DEBUG - auth.service - login with userName: user3@gmail.com, id: 1629296786918 (sid: HyPeMJgjGJkuyCB6to3sVy6KP5jQjmM2)8/18/2021, 8:55:00 PM - INFO - Req from: dan (sid: HyPeMJgjGJkuyCB6to3sVy6KP5jQjmM2)8/18/2021, 8:55:04 PM - DEBUG - auth.service - login with userName: user3@gmail.com, id: 1629296786918 (sid: HyPeMJgjGJkuyCB6to3sVy6KP5jQjmM2)8/18/2021, 8:55:04 PM - INFO - Req from: dan (sid: HyPeMJgjGJkuyCB6to3sVy6KP5jQjmM2)8/18/2021, 8:55:09 PM - DEBUG - auth.service - login with userName: user3@gmail.com, id: 1629296786918 (sid: HyPeMJgjGJkuyCB6to3sVy6KP5jQjmM2)8/18/2021, 8:55:09 PM - INFO - Req from: dan (sid: HyPeMJgjGJkuyCB6to3sVy6KP5jQjmM2)8/18/2021, 8:55:17 PM - DEBUG - auth.service - login with userName: user3@gmail.com, id: 1629296786918 (sid: HyPeMJgjGJkuyCB6to3sVy6KP5jQjmM2)8/18/2021, 8:55:18 PM - INFO - Req from: dan (sid: HyPeMJgjGJkuyCB6to3sVy6KP5jQjmM2)8/18/2021, 8:55:24 PM - DEBUG - auth.service - login with userName: user3@gmail.com, id: 1629296786918 (sid: HyPeMJgjGJkuyCB6to3sVy6KP5jQjmM2)8/18/2021, 8:55:24 PM - INFO - Req from: dan (sid: HyPeMJgjGJkuyCB6to3sVy6KP5jQjmM2)8/18/2021, 8:55:29 PM - DEBUG - auth.service - login with userName: user3@gmail.com, id: 1629296786918 (sid: HyPeMJgjGJkuyCB6to3sVy6KP5jQjmM2)8/18/2021, 8:55:29 PM - INFO - Req from: dan (sid: HyPeMJgjGJkuyCB6to3sVy6KP5jQjmM2)8/18/2021, 8:55:35 PM - DEBUG - auth.service - login with userName: user3@gmail.com, id: 1629296786918 (sid: HyPeMJgjGJkuyCB6to3sVy6KP5jQjmM2)8/18/2021, 8:55:35 PM - INFO - Req from: dan (sid: HyPeMJgjGJkuyCB6to3sVy6KP5jQjmM2)8/18/2021, 8:55:40 PM - DEBUG - auth.service - login with userName: user3@gmail.com, id: 1629296786918 (sid: HyPeMJgjGJkuyCB6to3sVy6KP5jQjmM2)8/18/2021, 8:55:40 PM - INFO - Req from: dan (sid: HyPeMJgjGJkuyCB6to3sVy6KP5jQjmM2)8/18/2021, 8:55:47 PM - DEBUG - auth.service - login with userName: user3@gmail.com, id: 1629296786918 (sid: HyPeMJgjGJkuyCB6to3sVy6KP5jQjmM2)8/18/2021, 8:55:47 PM - INFO - Req from: dan (sid: HyPeMJgjGJkuyCB6to3sVy6KP5jQjmM2)8/18/2021, 8:55:53 PM - DEBUG - auth.service - login with userName: user3@gmail.com, id: 1629296786918 (sid: HyPeMJgjGJkuyCB6to3sVy6KP5jQjmM2)8/18/2021, 8:55:53 PM - INFO - Req from: dan (sid: HyPeMJgjGJkuyCB6to3sVy6KP5jQjmM2)8/18/2021, 8:55:58 PM - DEBUG - auth.service - login with userName: user3@gmail.com, id: 1629296786918 (sid: HyPeMJgjGJkuyCB6to3sVy6KP5jQjmM2)8/18/2021, 8:55:58 PM - INFO - Req from: dan (sid: HyPeMJgjGJkuyCB6to3sVy6KP5jQjmM2)8/18/2021, 8:56:04 PM - DEBUG - auth.service - login with userName: user3@gmail.com, id: 1629296786918 (sid: HyPeMJgjGJkuyCB6to3sVy6KP5jQjmM2)8/18/2021, 8:56:04 PM - INFO - Req from: dan (sid: HyPeMJgjGJkuyCB6to3sVy6KP5jQjmM2)8/18/2021, 8:56:59 PM - DEBUG - auth.service - login with userName: user3@gmail.com, id: 1629296786918 (sid: HyPeMJgjGJkuyCB6to3sVy6KP5jQjmM2)8/18/2021, 8:56:59 PM - INFO - Req from: dan (sid: HyPeMJgjGJkuyCB6to3sVy6KP5jQjmM2)8/18/2021, 8:57:03 PM - DEBUG - auth.service - login with userName: user3@gmail.com, id: 1629296786918 (sid: HyPeMJgjGJkuyCB6to3sVy6KP5jQjmM2)8/18/2021, 8:57:03 PM - INFO - Req from: dan (sid: HyPeMJgjGJkuyCB6to3sVy6KP5jQjmM2)8/18/2021, 8:57:05 PM - DEBUG - auth.service - login with userName: user3@gmail.com, id: 1629296786918 (sid: HyPeMJgjGJkuyCB6to3sVy6KP5jQjmM2)8/18/2021, 8:57:05 PM - INFO - Req from: dan (sid: HyPeMJgjGJkuyCB6to3sVy6KP5jQjmM2)8/18/2021, 8:57:09 PM - DEBUG - auth.service - login with userName: user3@gmail.com, id: 1629296786918 (sid: HyPeMJgjGJkuyCB6to3sVy6KP5jQjmM2)8/18/2021, 8:57:09 PM - INFO - Req from: dan (sid: HyPeMJgjGJkuyCB6to3sVy6KP5jQjmM2)8/18/2021, 8:57:12 PM - DEBUG - auth.service - login with userName: user3@gmail.com, id: 1629296786918 (sid: HyPeMJgjGJkuyCB6to3sVy6KP5jQjmM2)8/18/2021, 8:57:12 PM - INFO - Req from: dan (sid: HyPeMJgjGJkuyCB6to3sVy6KP5jQjmM2)8/18/2021, 8:57:16 PM - DEBUG - auth.service - login with userName: user3@gmail.com, id: 1629296786918 (sid: HyPeMJgjGJkuyCB6to3sVy6KP5jQjmM2)8/18/2021, 8:57:16 PM - INFO - Req from: dan (sid: HyPeMJgjGJkuyCB6to3sVy6KP5jQjmM2)8/18/2021, 8:57:21 PM - DEBUG - auth.service - login with userName: user3@gmail.com, id: 1629296786918 (sid: HyPeMJgjGJkuyCB6to3sVy6KP5jQjmM2)8/18/2021, 8:57:21 PM - INFO - Req from: dan (sid: HyPeMJgjGJkuyCB6to3sVy6KP5jQjmM2)8/18/2021, 8:58:00 PM - DEBUG - auth.service - login with userName: user3@gmail.com, id: 1629296786918 (sid: HyPeMJgjGJkuyCB6to3sVy6KP5jQjmM2)8/18/2021, 8:58:00 PM - INFO - Req from: dan (sid: HyPeMJgjGJkuyCB6to3sVy6KP5jQjmM2)8/18/2021, 9:00:21 PM - DEBUG - auth.service - login with userName: user3@gmail.com, id: 1629296786918 (sid: HyPeMJgjGJkuyCB6to3sVy6KP5jQjmM2)8/18/2021, 9:00:21 PM - INFO - Req from: dan (sid: HyPeMJgjGJkuyCB6to3sVy6KP5jQjmM2)8/18/2021, 9:02:30 PM - DEBUG - auth.service - login with userName: user3@gmail.com, id: 1629296786918 (sid: HyPeMJgjGJkuyCB6to3sVy6KP5jQjmM2)8/18/2021, 9:02:30 PM - INFO - Req from: dan (sid: HyPeMJgjGJkuyCB6to3sVy6KP5jQjmM2)8/18/2021, 9:02:54 PM - DEBUG - auth.service - login with userName: user3@gmail.com, id: 1629296786918 (sid: HyPeMJgjGJkuyCB6to3sVy6KP5jQjmM2)8/18/2021, 9:02:55 PM - INFO - Req from: dan (sid: HyPeMJgjGJkuyCB6to3sVy6KP5jQjmM2)8/18/2021, 9:02:59 PM - DEBUG - auth.service - login with userName: user3@gmail.com, id: 1629296786918 (sid: HyPeMJgjGJkuyCB6to3sVy6KP5jQjmM2)8/18/2021, 9:03:00 PM - INFO - Req from: dan (sid: HyPeMJgjGJkuyCB6to3sVy6KP5jQjmM2)8/18/2021, 9:03:03 PM - DEBUG - auth.service - login with userName: user3@gmail.com, id: 1629296786918 (sid: HyPeMJgjGJkuyCB6to3sVy6KP5jQjmM2)8/18/2021, 9:03:03 PM - INFO - Req from: dan (sid: HyPeMJgjGJkuyCB6to3sVy6KP5jQjmM2)8/18/2021, 9:03:34 PM - DEBUG - auth.service - login with userName: user3@gmail.com, id: 1629296786918 (sid: HyPeMJgjGJkuyCB6to3sVy6KP5jQjmM2)8/18/2021, 9:03:34 PM - INFO - Req from: dan (sid: HyPeMJgjGJkuyCB6to3sVy6KP5jQjmM2)8/18/2021, 9:04:04 PM - DEBUG - auth.service - login with userName: user3@gmail.com, id: 1629296786918 (sid: HyPeMJgjGJkuyCB6to3sVy6KP5jQjmM2)8/18/2021, 9:04:04 PM - INFO - Req from: dan (sid: HyPeMJgjGJkuyCB6to3sVy6KP5jQjmM2)8/18/2021, 9:04:16 PM - DEBUG - auth.service - login with userName: user3@gmail.com, id: 1629296786918 (sid: HyPeMJgjGJkuyCB6to3sVy6KP5jQjmM2)8/18/2021, 9:04:16 PM - INFO - Req from: dan (sid: HyPeMJgjGJkuyCB6to3sVy6KP5jQjmM2)8/18/2021, 9:04:18 PM - DEBUG - auth.service - login with userName: user3@gmail.com, id: 1629296786918 (sid: HyPeMJgjGJkuyCB6to3sVy6KP5jQjmM2)8/18/2021, 9:04:18 PM - INFO - Req from: dan (sid: HyPeMJgjGJkuyCB6to3sVy6KP5jQjmM2)8/18/2021, 9:04:25 PM - DEBUG - auth.service - login with userName: user3@gmail.com, id: 1629296786918 (sid: HyPeMJgjGJkuyCB6to3sVy6KP5jQjmM2)8/18/2021, 9:04:25 PM - INFO - Req from: dan (sid: HyPeMJgjGJkuyCB6to3sVy6KP5jQjmM2)8/18/2021, 9:04:28 PM - DEBUG - auth.service - login with userName: user3@gmail.com, id: 1629296786918 (sid: HyPeMJgjGJkuyCB6to3sVy6KP5jQjmM2)8/18/2021, 9:04:28 PM - INFO - Req from: dan (sid: HyPeMJgjGJkuyCB6to3sVy6KP5jQjmM2)8/18/2021, 9:04:33 PM - DEBUG - auth.service - login with userName: user3@gmail.com, id: 1629296786918 (sid: HyPeMJgjGJkuyCB6to3sVy6KP5jQjmM2)8/18/2021, 9:04:33 PM - INFO - Req from: dan (sid: HyPeMJgjGJkuyCB6to3sVy6KP5jQjmM2)8/18/2021, 9:04:36 PM - DEBUG - auth.service - login with userName: user3@gmail.com, id: 1629296786918 (sid: HyPeMJgjGJkuyCB6to3sVy6KP5jQjmM2)8/18/2021, 9:04:36 PM - INFO - Req from: dan (sid: HyPeMJgjGJkuyCB6to3sVy6KP5jQjmM2)8/18/2021, 9:04:39 PM - DEBUG - auth.service - login with userName: user3@gmail.com, id: 1629296786918 (sid: HyPeMJgjGJkuyCB6to3sVy6KP5jQjmM2)8/18/2021, 9:04:39 PM - INFO - Req from: dan (sid: HyPeMJgjGJkuyCB6to3sVy6KP5jQjmM2)8/18/2021, 9:04:42 PM - DEBUG - auth.service - login with userName: user3@gmail.com, id: 1629296786918 (sid: HyPeMJgjGJkuyCB6to3sVy6KP5jQjmM2)8/18/2021, 9:04:42 PM - INFO - Req from: dan (sid: HyPeMJgjGJkuyCB6to3sVy6KP5jQjmM2)8/18/2021, 9:04:48 PM - DEBUG - auth.service - login with userName: user3@gmail.com, id: 1629296786918 (sid: HyPeMJgjGJkuyCB6to3sVy6KP5jQjmM2)8/18/2021, 9:04:48 PM - INFO - Req from: dan (sid: HyPeMJgjGJkuyCB6to3sVy6KP5jQjmM2)8/18/2021, 9:04:52 PM - DEBUG - auth.service - login with userName: user3@gmail.com, id: 1629296786918 (sid: HyPeMJgjGJkuyCB6to3sVy6KP5jQjmM2)8/18/2021, 9:04:52 PM - INFO - Req from: dan (sid: HyPeMJgjGJkuyCB6to3sVy6KP5jQjmM2)8/18/2021, 9:04:56 PM - DEBUG - auth.service - login with userName: user3@gmail.com, id: 1629296786918 (sid: HyPeMJgjGJkuyCB6to3sVy6KP5jQjmM2)8/18/2021, 9:04:56 PM - INFO - Req from: dan (sid: HyPeMJgjGJkuyCB6to3sVy6KP5jQjmM2)8/18/2021, 9:05:07 PM - DEBUG - auth.service - login with userName: user3@gmail.com, id: 1629296786918 (sid: HyPeMJgjGJkuyCB6to3sVy6KP5jQjmM2)8/18/2021, 9:05:07 PM - INFO - Req from: dan (sid: HyPeMJgjGJkuyCB6to3sVy6KP5jQjmM2)8/18/2021, 9:05:14 PM - DEBUG - auth.service - login with userName: user3@gmail.com, id: 1629296786918 (sid: HyPeMJgjGJkuyCB6to3sVy6KP5jQjmM2)8/18/2021, 9:05:14 PM - INFO - Req from: dan (sid: HyPeMJgjGJkuyCB6to3sVy6KP5jQjmM2)8/18/2021, 9:05:17 PM - DEBUG - auth.service - login with userName: user3@gmail.com, id: 1629296786918 (sid: HyPeMJgjGJkuyCB6to3sVy6KP5jQjmM2)8/18/2021, 9:05:17 PM - INFO - Req from: dan (sid: HyPeMJgjGJkuyCB6to3sVy6KP5jQjmM2)8/18/2021, 9:05:34 PM - DEBUG - auth.service - login with userName: user3@gmail.com, id: 1629296786918 (sid: HyPeMJgjGJkuyCB6to3sVy6KP5jQjmM2)8/18/2021, 9:05:34 PM - INFO - Req from: dan (sid: HyPeMJgjGJkuyCB6to3sVy6KP5jQjmM2)8/18/2021, 9:05:38 PM - DEBUG - auth.service - login with userName: user3@gmail.com, id: 1629296786918 (sid: HyPeMJgjGJkuyCB6to3sVy6KP5jQjmM2)8/18/2021, 9:05:38 PM - INFO - Req from: dan (sid: HyPeMJgjGJkuyCB6to3sVy6KP5jQjmM2)8/18/2021, 9:05:44 PM - DEBUG - auth.service - login with userName: user3@gmail.com, id: 1629296786918 (sid: HyPeMJgjGJkuyCB6to3sVy6KP5jQjmM2)8/18/2021, 9:05:44 PM - INFO - Req from: dan (sid: HyPeMJgjGJkuyCB6to3sVy6KP5jQjmM2)8/18/2021, 9:05:46 PM - DEBUG - auth.service - login with userName: user3@gmail.com, id: 1629296786918 (sid: HyPeMJgjGJkuyCB6to3sVy6KP5jQjmM2)8/18/2021, 9:05:46 PM - INFO - Req from: dan (sid: HyPeMJgjGJkuyCB6to3sVy6KP5jQjmM2)8/18/2021, 9:05:49 PM - DEBUG - auth.service - login with userName: user3@gmail.com, id: 1629296786918 (sid: HyPeMJgjGJkuyCB6to3sVy6KP5jQjmM2)8/18/2021, 9:05:49 PM - INFO - Req from: dan (sid: HyPeMJgjGJkuyCB6to3sVy6KP5jQjmM2)8/18/2021, 9:05:50 PM - DEBUG - auth.service - login with userName: user3@gmail.com, id: 1629296786918 (sid: HyPeMJgjGJkuyCB6to3sVy6KP5jQjmM2)8/18/2021, 9:05:50 PM - INFO - Req from: dan (sid: HyPeMJgjGJkuyCB6to3sVy6KP5jQjmM2)8/18/2021, 9:05:53 PM - DEBUG - auth.service - login with userName: user3@gmail.com, id: 1629296786918 (sid: HyPeMJgjGJkuyCB6to3sVy6KP5jQjmM2)8/18/2021, 9:05:54 PM - INFO - Req from: dan (sid: HyPeMJgjGJkuyCB6to3sVy6KP5jQjmM2)8/18/2021, 9:05:56 PM - DEBUG - auth.service - login with userName: user3@gmail.com, id: 1629296786918 (sid: HyPeMJgjGJkuyCB6to3sVy6KP5jQjmM2)8/18/2021, 9:05:56 PM - INFO - Req from: dan (sid: HyPeMJgjGJkuyCB6to3sVy6KP5jQjmM2)8/18/2021, 9:06:14 PM - DEBUG - auth.service - login with userName: user3@gmail.com, id: 1629296786918 (sid: HyPeMJgjGJkuyCB6to3sVy6KP5jQjmM2)8/18/2021, 9:06:14 PM - INFO - Req from: dan (sid: HyPeMJgjGJkuyCB6to3sVy6KP5jQjmM2)8/18/2021, 9:06:21 PM - DEBUG - auth.service - login with userName: user3@gmail.com, id: 1629296786918 (sid: HyPeMJgjGJkuyCB6to3sVy6KP5jQjmM2)8/18/2021, 9:06:21 PM - INFO - Req from: dan (sid: HyPeMJgjGJkuyCB6to3sVy6KP5jQjmM2)8/18/2021, 9:06:22 PM - DEBUG - auth.service - login with userName: user3@gmail.com, id: 1629296786918 (sid: HyPeMJgjGJkuyCB6to3sVy6KP5jQjmM2)8/18/2021, 9:06:22 PM - INFO - Req from: dan (sid: HyPeMJgjGJkuyCB6to3sVy6KP5jQjmM2)8/18/2021, 9:06:38 PM - DEBUG - auth.service - login with userName: user3@gmail.com, id: 1629296786918 (sid: HyPeMJgjGJkuyCB6to3sVy6KP5jQjmM2)8/18/2021, 9:06:39 PM - INFO - Req from: dan (sid: HyPeMJgjGJkuyCB6to3sVy6KP5jQjmM2)8/18/2021, 9:08:10 PM - DEBUG - auth.service - login with userName: user3@gmail.com, id: 1629296786918 (sid: HyPeMJgjGJkuyCB6to3sVy6KP5jQjmM2)8/18/2021, 9:08:10 PM - INFO - Req from: dan (sid: HyPeMJgjGJkuyCB6to3sVy6KP5jQjmM2)8/18/2021, 9:08:15 PM - DEBUG - auth.service - login with userName: user3@gmail.com, id: 1629296786918 (sid: HyPeMJgjGJkuyCB6to3sVy6KP5jQjmM2)8/18/2021, 9:08:15 PM - INFO - Req from: dan (sid: HyPeMJgjGJkuyCB6to3sVy6KP5jQjmM2)8/18/2021, 9:08:38 PM - DEBUG - auth.service - login with userName: user3@gmail.com, id: 1629296786918 (sid: HyPeMJgjGJkuyCB6to3sVy6KP5jQjmM2)8/18/2021, 9:08:38 PM - INFO - Req from: dan (sid: HyPeMJgjGJkuyCB6to3sVy6KP5jQjmM2)8/18/2021, 9:08:39 PM - DEBUG - auth.service - login with userName: user3@gmail.com, id: 1629296786918 (sid: HyPeMJgjGJkuyCB6to3sVy6KP5jQjmM2)8/18/2021, 9:08:39 PM - INFO - Req from: dan (sid: HyPeMJgjGJkuyCB6to3sVy6KP5jQjmM2)8/18/2021, 9:08:59 PM - DEBUG - auth.service - login with userName: user3@gmail.com, id: 1629296786918 (sid: HyPeMJgjGJkuyCB6to3sVy6KP5jQjmM2)8/18/2021, 9:08:59 PM - INFO - Req from: dan (sid: HyPeMJgjGJkuyCB6to3sVy6KP5jQjmM2)8/18/2021, 9:09:06 PM - DEBUG - auth.service - login with userName: user3@gmail.com, id: 1629296786918 (sid: HyPeMJgjGJkuyCB6to3sVy6KP5jQjmM2)8/18/2021, 9:09:06 PM - INFO - Req from: dan (sid: HyPeMJgjGJkuyCB6to3sVy6KP5jQjmM2)8/18/2021, 9:35:49 PM - DEBUG - auth.service - login with userName: user3@gmail.com, id: 1629296786918 (sid: HyPeMJgjGJkuyCB6to3sVy6KP5jQjmM2)8/18/2021, 9:35:49 PM - INFO - Req from: dan (sid: HyPeMJgjGJkuyCB6to3sVy6KP5jQjmM2)8/18/2021, 9:35:54 PM - DEBUG - auth.service - login with userName: user3@gmail.com, id: 1629296786918 (sid: HyPeMJgjGJkuyCB6to3sVy6KP5jQjmM2)8/18/2021, 9:35:54 PM - INFO - Req from: dan (sid: HyPeMJgjGJkuyCB6to3sVy6KP5jQjmM2)8/18/2021, 9:37:28 PM - DEBUG - auth.service - login with userName: user3@gmail.com, id: 1629296786918 (sid: HyPeMJgjGJkuyCB6to3sVy6KP5jQjmM2)8/18/2021, 9:37:28 PM - INFO - Req from: dan (sid: HyPeMJgjGJkuyCB6to3sVy6KP5jQjmM2)8/18/2021, 9:37:35 PM - DEBUG - auth.service - login with userName: user3@gmail.com, id: 1629296786918 (sid: HyPeMJgjGJkuyCB6to3sVy6KP5jQjmM2)8/18/2021, 9:37:35 PM - INFO - Req from: dan (sid: HyPeMJgjGJkuyCB6to3sVy6KP5jQjmM2)8/18/2021, 9:38:09 PM - DEBUG - auth.service - login with userName: user3@gmail.com, id: 1629296786918 (sid: HyPeMJgjGJkuyCB6to3sVy6KP5jQjmM2)8/18/2021, 9:38:09 PM - INFO - Req from: dan (sid: HyPeMJgjGJkuyCB6to3sVy6KP5jQjmM2)8/18/2021, 9:38:11 PM - DEBUG - auth.service - login with userName: user3@gmail.com, id: 1629296786918 (sid: HyPeMJgjGJkuyCB6to3sVy6KP5jQjmM2)8/18/2021, 9:38:11 PM - INFO - Req from: dan (sid: HyPeMJgjGJkuyCB6to3sVy6KP5jQjmM2)8/18/2021, 9:38:13 PM - DEBUG - auth.service - login with userName: user3@gmail.com, id: 1629296786918 (sid: HyPeMJgjGJkuyCB6to3sVy6KP5jQjmM2)8/18/2021, 9:38:13 PM - INFO - Req from: dan (sid: HyPeMJgjGJkuyCB6to3sVy6KP5jQjmM2)8/18/2021, 9:38:18 PM - DEBUG - auth.service - login with userName: user3@gmail.com, id: 1629296786918 (sid: HyPeMJgjGJkuyCB6to3sVy6KP5jQjmM2)8/18/2021, 9:38:18 PM - INFO - Req from: dan (sid: HyPeMJgjGJkuyCB6to3sVy6KP5jQjmM2)8/18/2021, 9:38:20 PM - DEBUG - auth.service - login with userName: user3@gmail.com, id: 1629296786918 (sid: HyPeMJgjGJkuyCB6to3sVy6KP5jQjmM2)8/18/2021, 9:38:20 PM - INFO - Req from: dan (sid: HyPeMJgjGJkuyCB6to3sVy6KP5jQjmM2)8/18/2021, 9:38:25 PM - DEBUG - auth.service - login with userName: user3@gmail.com, id: 1629296786918 (sid: HyPeMJgjGJkuyCB6to3sVy6KP5jQjmM2)8/18/2021, 9:38:26 PM - INFO - Req from: dan (sid: HyPeMJgjGJkuyCB6to3sVy6KP5jQjmM2)8/18/2021, 9:38:29 PM - DEBUG - auth.service - login with userName: user3@gmail.com, id: 1629296786918 (sid: HyPeMJgjGJkuyCB6to3sVy6KP5jQjmM2)8/18/2021, 9:38:29 PM - INFO - Req from: dan (sid: HyPeMJgjGJkuyCB6to3sVy6KP5jQjmM2)8/18/2021, 9:38:35 PM - DEBUG - auth.service - login with userName: user3@gmail.com, id: 1629296786918 (sid: HyPeMJgjGJkuyCB6to3sVy6KP5jQjmM2)8/18/2021, 9:38:35 PM - INFO - Req from: dan (sid: HyPeMJgjGJkuyCB6to3sVy6KP5jQjmM2)8/18/2021, 9:39:05 PM - DEBUG - auth.service - login with userName: user3@gmail.com, id: 1629296786918 (sid: HyPeMJgjGJkuyCB6to3sVy6KP5jQjmM2)8/18/2021, 9:39:05 PM - INFO - Req from: dan (sid: HyPeMJgjGJkuyCB6to3sVy6KP5jQjmM2)8/18/2021, 9:39:08 PM - DEBUG - auth.service - login with userName: user3@gmail.com, id: 1629296786918 (sid: HyPeMJgjGJkuyCB6to3sVy6KP5jQjmM2)8/18/2021, 9:39:08 PM - INFO - Req from: dan (sid: HyPeMJgjGJkuyCB6to3sVy6KP5jQjmM2)8/18/2021, 9:39:18 PM - DEBUG - auth.service - login with userName: user3@gmail.com, id: 1629296786918 (sid: HyPeMJgjGJkuyCB6to3sVy6KP5jQjmM2)8/18/2021, 9:39:18 PM - INFO - Req from: dan (sid: HyPeMJgjGJkuyCB6to3sVy6KP5jQjmM2)8/18/2021, 9:39:29 PM - DEBUG - auth.service - login with userName: user3@gmail.com, id: 1629296786918 (sid: HyPeMJgjGJkuyCB6to3sVy6KP5jQjmM2)8/18/2021, 9:39:29 PM - INFO - Req from: dan (sid: HyPeMJgjGJkuyCB6to3sVy6KP5jQjmM2)8/18/2021, 9:39:54 PM - DEBUG - auth.service - login with userName: user3@gmail.com, id: 1629296786918 (sid: HyPeMJgjGJkuyCB6to3sVy6KP5jQjmM2)8/18/2021, 9:39:54 PM - INFO - Req from: dan (sid: HyPeMJgjGJkuyCB6to3sVy6KP5jQjmM2)8/18/2021, 9:40:06 PM - DEBUG - auth.service - login with userName: user3@gmail.com, id: 1629296786918 (sid: HyPeMJgjGJkuyCB6to3sVy6KP5jQjmM2)8/18/2021, 9:40:06 PM - INFO - Req from: dan (sid: HyPeMJgjGJkuyCB6to3sVy6KP5jQjmM2)8/18/2021, 9:40:18 PM - DEBUG - auth.service - login with userName: user3@gmail.com, id: 1629296786918 (sid: HyPeMJgjGJkuyCB6to3sVy6KP5jQjmM2)8/18/2021, 9:40:18 PM - INFO - Req from: dan (sid: HyPeMJgjGJkuyCB6to3sVy6KP5jQjmM2)8/18/2021, 9:40:59 PM - DEBUG - auth.service - login with userName: user3@gmail.com, id: 1629296786918 (sid: HyPeMJgjGJkuyCB6to3sVy6KP5jQjmM2)8/18/2021, 9:40:59 PM - INFO - Req from: dan (sid: HyPeMJgjGJkuyCB6to3sVy6KP5jQjmM2)8/18/2021, 9:41:22 PM - DEBUG - auth.service - login with userName: user3@gmail.com, id: 1629296786918 (sid: HyPeMJgjGJkuyCB6to3sVy6KP5jQjmM2)8/18/2021, 9:41:22 PM - INFO - Req from: dan (sid: HyPeMJgjGJkuyCB6to3sVy6KP5jQjmM2)8/18/2021, 9:41:52 PM - DEBUG - auth.service - login with userName: user3@gmail.com, id: 1629296786918 (sid: HyPeMJgjGJkuyCB6to3sVy6KP5jQjmM2)8/18/2021, 9:41:52 PM - INFO - Req from: dan (sid: HyPeMJgjGJkuyCB6to3sVy6KP5jQjmM2)8/18/2021, 9:42:53 PM - DEBUG - auth.service - login with userName: user3@gmail.com, id: 1629296786918 (sid: HyPeMJgjGJkuyCB6to3sVy6KP5jQjmM2)8/18/2021, 9:42:53 PM - INFO - Req from: dan (sid: HyPeMJgjGJkuyCB6to3sVy6KP5jQjmM2)8/18/2021, 9:42:57 PM - DEBUG - auth.service - login with userName: user3@gmail.com, id: 1629296786918 (sid: HyPeMJgjGJkuyCB6to3sVy6KP5jQjmM2)8/18/2021, 9:42:58 PM - INFO - Req from: dan (sid: HyPeMJgjGJkuyCB6to3sVy6KP5jQjmM2)8/18/2021, 9:42:58 PM - DEBUG - auth.service - login with userName: user3@gmail.com, id: 1629296786918 (sid: HyPeMJgjGJkuyCB6to3sVy6KP5jQjmM2)8/18/2021, 9:42:59 PM - INFO - Req from: dan (sid: HyPeMJgjGJkuyCB6to3sVy6KP5jQjmM2)8/18/2021, 9:44:03 PM - DEBUG - auth.service - login with userName: user3@gmail.com, id: 1629296786918 (sid: HyPeMJgjGJkuyCB6to3sVy6KP5jQjmM2)8/18/2021, 9:44:03 PM - INFO - Req from: dan (sid: HyPeMJgjGJkuyCB6to3sVy6KP5jQjmM2)8/18/2021, 9:44:05 PM - DEBUG - auth.service - login with userName: user3@gmail.com, id: 1629296786918 (sid: HyPeMJgjGJkuyCB6to3sVy6KP5jQjmM2)8/18/2021, 9:44:06 PM - INFO - Req from: dan (sid: HyPeMJgjGJkuyCB6to3sVy6KP5jQjmM2)8/18/2021, 9:44:09 PM - DEBUG - auth.service - login with userName: user3@gmail.com, id: 1629296786918 (sid: HyPeMJgjGJkuyCB6to3sVy6KP5jQjmM2)8/18/2021, 9:44:09 PM - INFO - Req from: dan (sid: HyPeMJgjGJkuyCB6to3sVy6KP5jQjmM2)8/18/2021, 9:44:31 PM - DEBUG - auth.service - login with userName: user3@gmail.com, id: 1629296786918 (sid: HyPeMJgjGJkuyCB6to3sVy6KP5jQjmM2)8/18/2021, 9:44:31 PM - INFO - Req from: dan (sid: HyPeMJgjGJkuyCB6to3sVy6KP5jQjmM2)8/18/2021, 9:44:50 PM - DEBUG - auth.service - login with userName: user3@gmail.com, id: 1629296786918 (sid: HyPeMJgjGJkuyCB6to3sVy6KP5jQjmM2)8/18/2021, 9:44:50 PM - INFO - Req from: dan (sid: HyPeMJgjGJkuyCB6to3sVy6KP5jQjmM2)8/18/2021, 9:45:05 PM - DEBUG - auth.service - login with userName: user3@gmail.com, id: 1629296786918 (sid: HyPeMJgjGJkuyCB6to3sVy6KP5jQjmM2)8/18/2021, 9:45:05 PM - INFO - Req from: dan (sid: HyPeMJgjGJkuyCB6to3sVy6KP5jQjmM2)8/18/2021, 9:45:34 PM - DEBUG - auth.service - login with userName: user3@gmail.com, id: 1629296786918 (sid: HyPeMJgjGJkuyCB6to3sVy6KP5jQjmM2)8/18/2021, 9:45:35 PM - INFO - Req from: dan (sid: HyPeMJgjGJkuyCB6to3sVy6KP5jQjmM2)8/18/2021, 9:49:49 PM - DEBUG - auth.service - login with userName: user3@gmail.com, id: 1629296786918 (sid: HyPeMJgjGJkuyCB6to3sVy6KP5jQjmM2)8/18/2021, 9:49:49 PM - INFO - Req from: dan (sid: HyPeMJgjGJkuyCB6to3sVy6KP5jQjmM2)8/18/2021, 9:49:55 PM - DEBUG - auth.service - login with userName: user3@gmail.com, id: 1629296786918 (sid: HyPeMJgjGJkuyCB6to3sVy6KP5jQjmM2)8/18/2021, 9:49:55 PM - INFO - Req from: dan (sid: HyPeMJgjGJkuyCB6to3sVy6KP5jQjmM2)8/18/2021, 9:49:58 PM - DEBUG - auth.service - login with userName: user3@gmail.com, id: 1629296786918 (sid: HyPeMJgjGJkuyCB6to3sVy6KP5jQjmM2)8/18/2021, 9:49:59 PM - DEBUG - auth.service - login with userName: user3@gmail.com, id: 1629296786918 (sid: HyPeMJgjGJkuyCB6to3sVy6KP5jQjmM2)8/18/2021, 9:49:59 PM - INFO - Req from: dan (sid: HyPeMJgjGJkuyCB6to3sVy6KP5jQjmM2)8/18/2021, 9:50:03 PM - DEBUG - auth.service - login with userName: user3@gmail.com, id: 1629296786918 (sid: HyPeMJgjGJkuyCB6to3sVy6KP5jQjmM2)8/18/2021, 9:50:04 PM - INFO - Req from: dan (sid: HyPeMJgjGJkuyCB6to3sVy6KP5jQjmM2)8/18/2021, 9:50:05 PM - DEBUG - auth.service - login with userName: user3@gmail.com, id: 1629296786918 (sid: HyPeMJgjGJkuyCB6to3sVy6KP5jQjmM2)8/18/2021, 9:50:05 PM - INFO - Req from: dan (sid: HyPeMJgjGJkuyCB6to3sVy6KP5jQjmM2)8/18/2021, 9:50:09 PM - DEBUG - auth.service - login with userName: user3@gmail.com, id: 1629296786918 (sid: HyPeMJgjGJkuyCB6to3sVy6KP5jQjmM2)8/18/2021, 9:50:09 PM - INFO - Req from: dan (sid: HyPeMJgjGJkuyCB6to3sVy6KP5jQjmM2)8/18/2021, 9:50:12 PM - DEBUG - auth.service - login with userName: user3@gmail.com, id: 1629296786918 (sid: HyPeMJgjGJkuyCB6to3sVy6KP5jQjmM2)8/18/2021, 9:50:12 PM - INFO - Req from: dan (sid: HyPeMJgjGJkuyCB6to3sVy6KP5jQjmM2)8/18/2021, 9:50:14 PM - DEBUG - auth.service - login with userName: user3@gmail.com, id: 1629296786918 (sid: HyPeMJgjGJkuyCB6to3sVy6KP5jQjmM2)8/18/2021, 9:50:14 PM - INFO - Req from: dan (sid: HyPeMJgjGJkuyCB6to3sVy6KP5jQjmM2)8/18/2021, 9:51:23 PM - DEBUG - auth.service - login with userName: user3@gmail.com, id: 1629296786918 (sid: HyPeMJgjGJkuyCB6to3sVy6KP5jQjmM2)8/18/2021, 9:51:24 PM - INFO - Req from: dan (sid: HyPeMJgjGJkuyCB6to3sVy6KP5jQjmM2)8/18/2021, 9:51:26 PM - DEBUG - auth.service - login with userName: user3@gmail.com, id: 1629296786918 (sid: HyPeMJgjGJkuyCB6to3sVy6KP5jQjmM2)8/18/2021, 9:51:26 PM - INFO - Req from: dan (sid: HyPeMJgjGJkuyCB6to3sVy6KP5jQjmM2)8/18/2021, 9:51:53 PM - DEBUG - auth.service - login with userName: user3@gmail.com, id: 1629296786918 (sid: HyPeMJgjGJkuyCB6to3sVy6KP5jQjmM2)8/18/2021, 9:51:54 PM - INFO - Req from: dan (sid: HyPeMJgjGJkuyCB6to3sVy6KP5jQjmM2)8/18/2021, 9:52:05 PM - DEBUG - auth.service - login with userName: user3@gmail.com, id: 1629296786918 (sid: HyPeMJgjGJkuyCB6to3sVy6KP5jQjmM2)8/18/2021, 9:52:06 PM - INFO - Req from: dan (sid: HyPeMJgjGJkuyCB6to3sVy6KP5jQjmM2)8/18/2021, 9:52:09 PM - DEBUG - auth.service - login with userName: user3@gmail.com, id: 1629296786918 (sid: HyPeMJgjGJkuyCB6to3sVy6KP5jQjmM2)8/18/2021, 9:52:09 PM - INFO - Req from: dan (sid: HyPeMJgjGJkuyCB6to3sVy6KP5jQjmM2)8/18/2021, 9:52:44 PM - DEBUG - auth.service - login with userName: user3@gmail.com, id: 1629296786918 (sid: HyPeMJgjGJkuyCB6to3sVy6KP5jQjmM2)8/18/2021, 9:52:44 PM - INFO - Req from: dan (sid: HyPeMJgjGJkuyCB6to3sVy6KP5jQjmM2)8/18/2021, 9:52:45 PM - DEBUG - auth.service - login with userName: user3@gmail.com, id: 1629296786918 (sid: HyPeMJgjGJkuyCB6to3sVy6KP5jQjmM2)8/18/2021, 9:52:46 PM - INFO - Req from: dan (sid: HyPeMJgjGJkuyCB6to3sVy6KP5jQjmM2)8/18/2021, 9:53:02 PM - DEBUG - auth.service - login with userName: user3@gmail.com, id: 1629296786918 (sid: HyPeMJgjGJkuyCB6to3sVy6KP5jQjmM2)8/18/2021, 9:53:02 PM - INFO - Req from: dan (sid: HyPeMJgjGJkuyCB6to3sVy6KP5jQjmM2)8/18/2021, 9:53:04 PM - DEBUG - auth.service - login with userName: user3@gmail.com, id: 1629296786918 (sid: HyPeMJgjGJkuyCB6to3sVy6KP5jQjmM2)8/18/2021, 9:53:04 PM - INFO - Req from: dan (sid: HyPeMJgjGJkuyCB6to3sVy6KP5jQjmM2)8/18/2021, 10:41:17 PM - DEBUG - auth.service - login with userName: user3@gmail.com, id: 1629296786918 (sid: HyPeMJgjGJkuyCB6to3sVy6KP5jQjmM2)8/18/2021, 10:41:17 PM - INFO - Req from: dan (sid: HyPeMJgjGJkuyCB6to3sVy6KP5jQjmM2)8/18/2021, 10:41:22 PM - DEBUG - auth.service - login with userName: user3@gmail.com, id: 1629296786918 (sid: HyPeMJgjGJkuyCB6to3sVy6KP5jQjmM2)8/18/2021, 10:41:23 PM - INFO - Req from: dan (sid: HyPeMJgjGJkuyCB6to3sVy6KP5jQjmM2)8/18/2021, 10:43:43 PM - DEBUG - auth.service - login with userName: user3@gmail.com, id: 1629296786918 (sid: HyPeMJgjGJkuyCB6to3sVy6KP5jQjmM2)8/18/2021, 10:43:43 PM - INFO - Req from: dan (sid: HyPeMJgjGJkuyCB6to3sVy6KP5jQjmM2)8/18/2021, 10:43:50 PM - DEBUG - auth.service - login with userName: user3@gmail.com, id: 1629296786918 (sid: HyPeMJgjGJkuyCB6to3sVy6KP5jQjmM2)8/18/2021, 10:43:50 PM - INFO - Req from: dan (sid: HyPeMJgjGJkuyCB6to3sVy6KP5jQjmM2)8/18/2021, 10:43:52 PM - DEBUG - auth.service - login with userName: user3@gmail.com, id: 1629296786918 (sid: HyPeMJgjGJkuyCB6to3sVy6KP5jQjmM2)8/18/2021, 10:43:52 PM - INFO - Req from: dan (sid: HyPeMJgjGJkuyCB6to3sVy6KP5jQjmM2)8/18/2021, 10:43:55 PM - DEBUG - auth.service - login with userName: user3@gmail.com, id: 1629296786918 (sid: HyPeMJgjGJkuyCB6to3sVy6KP5jQjmM2)8/18/2021, 10:43:56 PM - DEBUG - auth.service - login with userName: user3@gmail.com, id: 1629296786918 (sid: HyPeMJgjGJkuyCB6to3sVy6KP5jQjmM2)8/18/2021, 10:43:56 PM - INFO - Req from: dan (sid: HyPeMJgjGJkuyCB6to3sVy6KP5jQjmM2)8/18/2021, 10:44:38 PM - DEBUG - auth.service - login with userName: user3@gmail.com, id: 1629296786918 (sid: HyPeMJgjGJkuyCB6to3sVy6KP5jQjmM2)8/18/2021, 10:44:38 PM - INFO - Req from: dan (sid: HyPeMJgjGJkuyCB6to3sVy6KP5jQjmM2)8/18/2021, 10:53:26 PM - DEBUG - auth.service - login with userName: user3@gmail.com, id: 1629296786918 (sid: HyPeMJgjGJkuyCB6to3sVy6KP5jQjmM2)8/18/2021, 10:53:26 PM - INFO - Req from: dan (sid: HyPeMJgjGJkuyCB6to3sVy6KP5jQjmM2)8/18/2021, 10:55:04 PM - INFO - {
  "buildNumber": "will-be-replace-on-jenkins",
  "buildInfoBuildUrl": "will-be-replace-on-jenkins",
  "buildInfoCommitId": "will-be-replace-on-jenkins",
  "buildTime": "will-be-replace-on-jenkins"
}
 8/18/2021, 10:55:04 PM - INFO - Server is Up on port 3030, NLP_WRAPPER_URL= undefined 8/18/2021, 10:57:09 PM - DEBUG - auth.service - login with userName: user3@gmail.com, id: 1629296786918 (sid: 7ul59DdceJLUXMHoGHbkkvA30G29OXTR)8/18/2021, 10:57:09 PM - INFO - Req from: dan (sid: 7ul59DdceJLUXMHoGHbkkvA30G29OXTR)8/18/2021, 10:57:13 PM - DEBUG - auth.service - login with userName: user3@gmail.com, id: 1629296786918 (sid: 7ul59DdceJLUXMHoGHbkkvA30G29OXTR)8/18/2021, 10:57:13 PM - INFO - Req from: dan (sid: 7ul59DdceJLUXMHoGHbkkvA30G29OXTR)8/18/2021, 10:58:09 PM - DEBUG - auth.service - login with userName: user3@gmail.com, id: 1629296786918 (sid: 7ul59DdceJLUXMHoGHbkkvA30G29OXTR)8/18/2021, 10:58:10 PM - INFO - Req from: dan (sid: 7ul59DdceJLUXMHoGHbkkvA30G29OXTR)8/18/2021, 10:58:23 PM - DEBUG - auth.service - login with userName: user3@gmail.com, id: 1629296786918 (sid: 7ul59DdceJLUXMHoGHbkkvA30G29OXTR)8/18/2021, 10:58:25 PM - DEBUG - auth.service - login with userName: user3@gmail.com, id: 1629296786918 (sid: 7ul59DdceJLUXMHoGHbkkvA30G29OXTR)8/18/2021, 10:58:25 PM - INFO - Req from: dan (sid: 7ul59DdceJLUXMHoGHbkkvA30G29OXTR)8/18/2021, 10:58:29 PM - DEBUG - auth.service - login with userName: user3@gmail.com, id: 1629296786918 (sid: 7ul59DdceJLUXMHoGHbkkvA30G29OXTR)8/18/2021, 10:58:29 PM - INFO - Req from: dan (sid: 7ul59DdceJLUXMHoGHbkkvA30G29OXTR)8/18/2021, 10:58:36 PM - DEBUG - auth.service - login with userName: user3@gmail.com, id: 1629296786918 (sid: 7ul59DdceJLUXMHoGHbkkvA30G29OXTR)8/18/2021, 10:58:36 PM - INFO - Req from: dan (sid: 7ul59DdceJLUXMHoGHbkkvA30G29OXTR)8/18/2021, 10:58:57 PM - DEBUG - auth.service - login with userName: user3@gmail.com, id: 1629296786918 (sid: 7ul59DdceJLUXMHoGHbkkvA30G29OXTR)8/18/2021, 10:58:57 PM - INFO - Req from: dan (sid: 7ul59DdceJLUXMHoGHbkkvA30G29OXTR)8/18/2021, 10:59:31 PM - DEBUG - auth.service - login with userName: user3@gmail.com, id: 1629296786918 (sid: 7ul59DdceJLUXMHoGHbkkvA30G29OXTR)8/18/2021, 10:59:31 PM - INFO - Req from: dan (sid: 7ul59DdceJLUXMHoGHbkkvA30G29OXTR)8/18/2021, 11:00:01 PM - DEBUG - auth.service - login with userName: user3@gmail.com, id: 1629296786918 (sid: 7ul59DdceJLUXMHoGHbkkvA30G29OXTR)8/18/2021, 11:00:02 PM - INFO - Req from: dan (sid: 7ul59DdceJLUXMHoGHbkkvA30G29OXTR)8/18/2021, 11:00:12 PM - DEBUG - auth.service - login with userName: user3@gmail.com, id: 1629296786918 (sid: 7ul59DdceJLUXMHoGHbkkvA30G29OXTR)8/18/2021, 11:00:12 PM - INFO - Req from: dan (sid: 7ul59DdceJLUXMHoGHbkkvA30G29OXTR)8/18/2021, 11:00:17 PM - DEBUG - auth.service - login with userName: user3@gmail.com, id: 1629296786918 (sid: 7ul59DdceJLUXMHoGHbkkvA30G29OXTR)8/18/2021, 11:00:18 PM - INFO - Req from: dan (sid: 7ul59DdceJLUXMHoGHbkkvA30G29OXTR)8/18/2021, 11:02:07 PM - DEBUG - auth.service - login with userName: user3@gmail.com, id: 1629296786918 (sid: 7ul59DdceJLUXMHoGHbkkvA30G29OXTR)8/18/2021, 11:02:07 PM - INFO - Req from: dan (sid: 7ul59DdceJLUXMHoGHbkkvA30G29OXTR)8/18/2021, 11:02:39 PM - DEBUG - auth.service - login with userName: user3@gmail.com, id: 1629296786918 (sid: 7ul59DdceJLUXMHoGHbkkvA30G29OXTR)8/18/2021, 11:02:40 PM - INFO - Req from: dan (sid: 7ul59DdceJLUXMHoGHbkkvA30G29OXTR)8/18/2021, 11:02:43 PM - DEBUG - auth.service - login with userName: user3@gmail.com, id: 1629296786918 (sid: 7ul59DdceJLUXMHoGHbkkvA30G29OXTR)8/18/2021, 11:02:43 PM - INFO - Req from: dan (sid: 7ul59DdceJLUXMHoGHbkkvA30G29OXTR)8/18/2021, 11:02:55 PM - DEBUG - auth.service - login with userName: user3@gmail.com, id: 1629296786918 (sid: 7ul59DdceJLUXMHoGHbkkvA30G29OXTR)8/18/2021, 11:02:55 PM - INFO - Req from: dan (sid: 7ul59DdceJLUXMHoGHbkkvA30G29OXTR)8/18/2021, 11:02:58 PM - DEBUG - auth.service - login with userName: user3@gmail.com, id: 1629296786918 (sid: 7ul59DdceJLUXMHoGHbkkvA30G29OXTR)8/18/2021, 11:02:59 PM - INFO - Req from: dan (sid: 7ul59DdceJLUXMHoGHbkkvA30G29OXTR)8/18/2021, 11:03:21 PM - DEBUG - auth.service - login with userName: user3@gmail.com, id: 1629296786918 (sid: 7ul59DdceJLUXMHoGHbkkvA30G29OXTR)8/18/2021, 11:03:21 PM - INFO - Req from: dan (sid: 7ul59DdceJLUXMHoGHbkkvA30G29OXTR)8/18/2021, 11:03:37 PM - DEBUG - auth.service - login with userName: user3@gmail.com, id: 1629296786918 (sid: 7ul59DdceJLUXMHoGHbkkvA30G29OXTR)8/18/2021, 11:03:37 PM - INFO - Req from: dan (sid: 7ul59DdceJLUXMHoGHbkkvA30G29OXTR)8/18/2021, 11:03:51 PM - DEBUG - auth.service - login with userName: user3@gmail.com, id: 1629296786918 (sid: 7ul59DdceJLUXMHoGHbkkvA30G29OXTR)8/18/2021, 11:03:51 PM - INFO - Req from: dan (sid: 7ul59DdceJLUXMHoGHbkkvA30G29OXTR)8/18/2021, 11:04:11 PM - DEBUG - auth.service - login with userName: user3@gmail.com, id: 1629296786918 (sid: 7ul59DdceJLUXMHoGHbkkvA30G29OXTR)8/18/2021, 11:04:12 PM - INFO - Req from: dan (sid: 7ul59DdceJLUXMHoGHbkkvA30G29OXTR)8/18/2021, 11:04:29 PM - DEBUG - auth.service - login with userName: user3@gmail.com, id: 1629296786918 (sid: 7ul59DdceJLUXMHoGHbkkvA30G29OXTR)8/18/2021, 11:04:29 PM - INFO - Req from: dan (sid: 7ul59DdceJLUXMHoGHbkkvA30G29OXTR)8/18/2021, 11:05:05 PM - DEBUG - auth.service - login with userName: user3@gmail.com, id: 1629296786918 (sid: 7ul59DdceJLUXMHoGHbkkvA30G29OXTR)8/18/2021, 11:05:05 PM - INFO - Req from: dan (sid: 7ul59DdceJLUXMHoGHbkkvA30G29OXTR)8/18/2021, 11:05:14 PM - DEBUG - auth.service - login with userName: user3@gmail.com, id: 1629296786918 (sid: 7ul59DdceJLUXMHoGHbkkvA30G29OXTR)8/18/2021, 11:05:15 PM - INFO - Req from: dan (sid: 7ul59DdceJLUXMHoGHbkkvA30G29OXTR)8/18/2021, 11:05:39 PM - DEBUG - auth.service - login with userName: user3@gmail.com, id: 1629296786918 (sid: 7ul59DdceJLUXMHoGHbkkvA30G29OXTR)8/18/2021, 11:05:40 PM - INFO - Req from: dan (sid: 7ul59DdceJLUXMHoGHbkkvA30G29OXTR)8/19/2021, 6:23:15 AM - DEBUG - auth.service - login with userName: user3@gmail.com, id: 1629296786918 (sid: 7ul59DdceJLUXMHoGHbkkvA30G29OXTR)8/19/2021, 6:23:15 AM - INFO - Req from: dan (sid: 7ul59DdceJLUXMHoGHbkkvA30G29OXTR)8/19/2021, 7:38:39 AM - DEBUG - auth.service - login with userName: user3@gmail.com, id: 1629296786918 (sid: 7ul59DdceJLUXMHoGHbkkvA30G29OXTR)8/19/2021, 7:38:39 AM - INFO - Req from: dan (sid: 7ul59DdceJLUXMHoGHbkkvA30G29OXTR)